[debug] [2024-01-28T09:05:29.472Z] ----------------------------------------------------------------------
[debug] [2024-01-28T09:05:29.475Z] Command:       C:\Program Files (x86)\nodejs\node.exe C:\Users\visha\AppData\Roaming\npm\node_modules\firebase-tools\lib\bin\firebase.js init
[debug] [2024-01-28T09:05:29.475Z] CLI Version:   13.0.3
[debug] [2024-01-28T09:05:29.475Z] Platform:      win32
[debug] [2024-01-28T09:05:29.475Z] Node Version:  v20.10.0
[debug] [2024-01-28T09:05:29.476Z] Time:          Sun Jan 28 2024 14:35:29 GMT+0530 (India Standard Time)
[debug] [2024-01-28T09:05:29.476Z] ----------------------------------------------------------------------
[debug] 
[debug] [2024-01-28T09:05:29.478Z] >>> [apiv2][query] GET https://firebase-public.firebaseio.com/cli.json [none]
[debug] [2024-01-28T09:05:29.520Z] > command requires scopes: ["email","openid","https://www.googleapis.com/auth/cloudplatformprojects.readonly","https://www.googleapis.com/auth/firebase","https://www.googleapis.com/auth/cloud-platform"]
[debug] [2024-01-28T09:05:29.521Z] > authorizing via signed-in user (vr987195@gmail.com)
[info] 
     ######## #### ########  ######## ########     ###     ######  ########
     ##        ##  ##     ## ##       ##     ##  ##   ##  ##       ##
     ######    ##  ########  ######   ########  #########  ######  ######
     ##        ##  ##    ##  ##       ##     ## ##     ##       ## ##
     ##       #### ##     ## ######## ########  ##     ##  ######  ########

You're about to initialize a Firebase project in this directory:

  C:\Users\visha\Desktop\pocket-flow

[debug] [2024-01-28T09:05:30.436Z] <<< [apiv2][status] GET https://firebase-public.firebaseio.com/cli.json 200
[debug] [2024-01-28T09:05:30.437Z] <<< [apiv2][body] GET https://firebase-public.firebaseio.com/cli.json {"cloudBuildErrorAfter":1594252800000,"cloudBuildWarnAfter":1590019200000,"defaultNode10After":1594252800000,"minVersion":"3.0.5","node8DeploysDisabledAfter":1613390400000,"node8RuntimeDisabledAfter":1615809600000,"node8WarnAfter":1600128000000}
[info] 
=== Project Setup
[info] 
[info] First, let's associate this project directory with a Firebase project.
[info] You can create multiple project aliases by running firebase use --add, 
[info] but for now we'll just set up a default project.
[info] 
[debug] [2024-01-28T09:07:07.436Z] > refreshing access token with scopes: []
[debug] [2024-01-28T09:07:07.437Z] >>> [apiv2][query] POST https://www.googleapis.com/oauth2/v3/token [none]
[debug] [2024-01-28T09:07:07.437Z] >>> [apiv2][body] POST https://www.googleapis.com/oauth2/v3/token [omitted]
[debug] [2024-01-28T09:07:07.815Z] <<< [apiv2][status] POST https://www.googleapis.com/oauth2/v3/token 200
[debug] [2024-01-28T09:07:07.816Z] <<< [apiv2][body] POST https://www.googleapis.com/oauth2/v3/token [omitted]
[debug] [2024-01-28T09:07:07.827Z] >>> [apiv2][query] GET https://firebase.googleapis.com/v1beta1/projects pageSize=100
[debug] [2024-01-28T09:07:08.639Z] <<< [apiv2][status] GET https://firebase.googleapis.com/v1beta1/projects 200
[debug] [2024-01-28T09:07:08.639Z] <<< [apiv2][body] GET https://firebase.googleapis.com/v1beta1/projects [omitted]
[info] i  Using project pocketflow-23b77 (PocketFlow) 
[info] 
=== Hosting Setup
[debug] [2024-01-28T09:07:23.163Z] >>> [apiv2][query] GET https://firebase.googleapis.com/v1beta1/projects/pocketflow-23b77 [none]
[debug] [2024-01-28T09:07:23.868Z] <<< [apiv2][status] GET https://firebase.googleapis.com/v1beta1/projects/pocketflow-23b77 200
[debug] [2024-01-28T09:07:23.868Z] <<< [apiv2][body] GET https://firebase.googleapis.com/v1beta1/projects/pocketflow-23b77 {"projectId":"pocketflow-23b77","projectNumber":"949567298741","displayName":"PocketFlow","name":"projects/pocketflow-23b77","resources":{"hostingSite":"pocketflow-23b77"},"state":"ACTIVE","etag":"1_71301ff6-79fb-4b61-878d-ace3a99a5788"}
[info] 
[info] Your public directory is the folder (relative to your project directory) that
[info] will contain Hosting assets to be uploaded with firebase deploy. If you
[info] have a build process for your assets, use your build's output directory.
[info] 
[info] +  Wrote public/404.html 
[debug] [2024-01-28T09:08:54.109Z] >>> [apiv2][query] GET https://www.gstatic.com/firebasejs/releases.json [none]
[debug] [2024-01-28T09:08:54.499Z] <<< [apiv2][status] GET https://www.gstatic.com/firebasejs/releases.json 200
[debug] [2024-01-28T09:08:54.499Z] <<< [apiv2][body] GET https://www.gstatic.com/firebasejs/releases.json {"current":{"version":"10.7.2","browserURL":"https://www.gstatic.com/firebasejs/10.7.2/firebase.js","packageURL":"https://www.gstatic.com/firebasejs/10.7.2/firebase.tgz"},"live":{"version":"10.7","browserURL":"https://www.gstatic.com/firebasejs/live/10.7/firebase.js","packageURL":"https://www.gstatic.com/firebasejs/live/10.7/firebase.tgz"},"components":{"analytics":"https://www.gstatic.com/firebasejs/10.7.2/firebase-analytics.js","app":"https://www.gstatic.com/firebasejs/10.7.2/firebase-app.js","app-check":"https://www.gstatic.com/firebasejs/10.7.2/firebase-app-check.js","auth":"https://www.gstatic.com/firebasejs/10.7.2/firebase-auth.js","auth/cordova":"https://www.gstatic.com/firebasejs/10.7.2/firebase-auth/cordova.js","functions":"https://www.gstatic.com/firebasejs/10.7.2/firebase-functions.js","firestore":"https://www.gstatic.com/firebasejs/10.7.2/firebase-firestore.js","firestore/lite":"https://www.gstatic.com/firebasejs/10.7.2/firebase-firestore/lite.js","installations":"https://www.gstatic.com/firebasejs/10.7.2/firebase-installations.js","storage":"https://www.gstatic.com/firebasejs/10.7.2/firebase-storage.js","performance":"https://www.gstatic.com/firebasejs/10.7.2/firebase-performance.js","remote-config":"https://www.gstatic.com/firebasejs/10.7.2/firebase-remote-config.js","messaging":"https://www.gstatic.com/firebasejs/10.7.2/firebase-messaging.js","messaging/sw":"https://www.gstatic.com/firebasejs/10.7.2/firebase-messaging/sw.js","database":"https://www.gstatic.com/firebasejs/10.7.2/firebase-database.js","firestore.memory":"https://www.gstatic.com/firebasejs/10.7.2/firebase-firestore.memory.js"}}
[info] i  Skipping write of public/index.html 
[info] 
[info] i  Detected a .git folder at C:\Users\visha\Desktop\pocket-flow 
[info] i  Authorizing with GitHub to upload your service account to a GitHub repository's secrets store. 
[info] 
[info] Visit this URL on this device to log in:
[info] https://github.com/login/oauth/authorize?client_id=89cf50f02ac6aaed3484&state=704227479&redirect_uri=http%3A%2F%2Flocalhost%3A9005&scope=read%3Auser%20repo%20public_repo
[info] 
[info] Waiting for authentication...
[debug] [2024-01-28T09:10:01.361Z] >>> [apiv2][query] POST https://github.com/login/oauth/access_token [none]
[debug] [2024-01-28T09:10:01.361Z] >>> [apiv2][body] POST https://github.com/login/oauth/access_token [stream]
[debug] [2024-01-28T09:10:02.165Z] <<< [apiv2][status] POST https://github.com/login/oauth/access_token 200
[debug] [2024-01-28T09:10:02.166Z] <<< [apiv2][body] POST https://github.com/login/oauth/access_token {"access_token":"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","token_type":"bearer","scope":"read:user,repo"}
[debug] [2024-01-28T09:10:02.170Z] >>> [apiv2][query] GET https://api.github.com/user [none]
[debug] [2024-01-28T09:10:03.507Z] <<< [apiv2][status] GET https://api.github.com/user 200
[debug] [2024-01-28T09:10:03.508Z] <<< [apiv2][body] GET https://api.github.com/user {"login":"vishal0316","id":106919588,"node_id":"U_kgDOBl92pA","avatar_url":"https://avatars.githubusercontent.com/u/106919588?v=4","gravatar_id":"","url":"https://api.github.com/users/vishal0316","html_url":"https://github.com/vishal0316","followers_url":"https://api.github.com/users/vishal0316/followers","following_url":"https://api.github.com/users/vishal0316/following{/other_user}","gists_url":"https://api.github.com/users/vishal0316/gists{/gist_id}","starred_url":"https://api.github.com/users/vishal0316/starred{/owner}{/repo}","subscriptions_url":"https://api.github.com/users/vishal0316/subscriptions","organizations_url":"https://api.github.com/users/vishal0316/orgs","repos_url":"https://api.github.com/users/vishal0316/repos","events_url":"https://api.github.com/users/vishal0316/events{/privacy}","received_events_url":"https://api.github.com/users/vishal0316/received_events","type":"User","site_admin":false,"name":"vishal rajput","company":null,"blog":"","location":"New Delhi","email":null,"hireable":null,"bio":null,"twitter_username":"vishalll141","public_repos":35,"public_gists":0,"followers":6,"following":1,"created_at":"2022-06-05T14:42:40Z","updated_at":"2024-01-09T09:00:28Z","private_gists":0,"total_private_repos":12,"owned_private_repos":12,"disk_usage":189235,"collaborators":0,"two_factor_authentication":false,"plan":{"name":"free","space":976562499,"collaborators":0,"private_repos":10000}}
[info] 
[info] +  Success! Logged into GitHub as vishal0316 
[info] 
